[Sat Jan 22 08:44:10.290891 2022] [php7:warn] [pid 12352:tid 1940] [client ::1:50508] PHP Warning:  Invalid argument supplied for foreach() in C:\\xampp\\htdocs\\pages\\latestnews.php on line 18
[Sat Jan 22 08:44:10.291890 2022] [php7:warn] [pid 12352:tid 1940] [client ::1:50508] PHP Warning:  Invalid argument supplied for foreach() in C:\\xampp\\htdocs\\pages\\latestnews.php on line 286
[Sat Jan 22 08:44:11.429728 2022] [core:error] [pid 12352:tid 1940] (20024)The given path is misformatted or contained invalid characters: [client ::1:50508] AH00127: Cannot map GET /%3C?%20echo%20$layout_name;%20?%3E/images/favicon.ico HTTP/1.1 to file, referer: http://localhost/
[Sat Jan 22 08:44:16.739841 2022] [core:error] [pid 12352:tid 1928] (20024)The given path is misformatted or contained invalid characters: [client ::1:50517] AH00127: Cannot map GET /%3C?%20echo%20$layout_name;%20?%3E/images/favicon.ico HTTP/1.1 to file, referer: http://localhost/?subtopic=accountmanagement
[Sat Jan 22 08:44:17.518182 2022] [php7:warn] [pid 12352:tid 1928] [client ::1:50517] PHP Warning:  Invalid argument supplied for foreach() in C:\\xampp\\htdocs\\pages\\latestnews.php on line 18, referer: http://localhost/?subtopic=accountmanagement
[Sat Jan 22 08:44:17.519403 2022] [php7:warn] [pid 12352:tid 1928] [client ::1:50517] PHP Warning:  Invalid argument supplied for foreach() in C:\\xampp\\htdocs\\pages\\latestnews.php on line 286, referer: http://localhost/?subtopic=accountmanagement
[Sat Jan 22 08:44:18.253115 2022] [core:error] [pid 12352:tid 1928] (20024)The given path is misformatted or contained invalid characters: [client ::1:50517] AH00127: Cannot map GET /%3C?%20echo%20$layout_name;%20?%3E/images/favicon.ico HTTP/1.1 to file, referer: http://localhost/?subtopic=latestnews
[Sat Jan 22 08:46:15.015816 2022] [php7:warn] [pid 12352:tid 1928] [client ::1:50538] PHP Warning:  Invalid argument supplied for foreach() in C:\\xampp\\htdocs\\pages\\latestnews.php on line 18, referer: http://localhost/?subtopic=latestnews
[Sat Jan 22 08:46:15.016813 2022] [php7:warn] [pid 12352:tid 1928] [client ::1:50538] PHP Warning:  Invalid argument supplied for foreach() in C:\\xampp\\htdocs\\pages\\latestnews.php on line 286, referer: http://localhost/?subtopic=latestnews
[Sat Jan 22 08:46:16.048207 2022] [core:error] [pid 12352:tid 1928] (20024)The given path is misformatted or contained invalid characters: [client ::1:50538] AH00127: Cannot map GET /%3C?%20echo%20$layout_name;%20?%3E/images/favicon.ico HTTP/1.1 to file, referer: http://localhost/?subtopic=latestnews
[Sat Jan 22 08:47:03.025584 2022] [php7:warn] [pid 12352:tid 1928] [client ::1:50545] PHP Warning:  Invalid argument supplied for foreach() in C:\\xampp\\htdocs\\pages\\latestnews.php on line 18, referer: http://localhost/?subtopic=latestnews
[Sat Jan 22 08:47:03.026571 2022] [php7:warn] [pid 12352:tid 1928] [client ::1:50545] PHP Warning:  Invalid argument supplied for foreach() in C:\\xampp\\htdocs\\pages\\latestnews.php on line 286, referer: http://localhost/?subtopic=latestnews
[Sat Jan 22 08:47:03.807502 2022] [core:error] [pid 12352:tid 1928] (20024)The given path is misformatted or contained invalid characters: [client ::1:50545] AH00127: Cannot map GET /%3C?%20echo%20$layout_name;%20?%3E/images/favicon.ico HTTP/1.1 to file, referer: http://localhost/?subtopic=latestnews
[Sat Jan 22 08:47:15.853799 2022] [core:error] [pid 12352:tid 1932] (20024)The given path is misformatted or contained invalid characters: [client ::1:50554] AH00127: Cannot map GET /%3C?%20echo%20$layout_name;%20?%3E/images/favicon.ico HTTP/1.1 to file, referer: http://localhost/?subtopic=accountmanagement
[Sat Jan 22 08:47:24.040544 2022] [core:error] [pid 12352:tid 1928] (20024)The given path is misformatted or contained invalid characters: [client ::1:50561] AH00127: Cannot map GET /%3C?%20echo%20$layout_name;%20?%3E/images/favicon.ico HTTP/1.1 to file, referer: http://localhost/?subtopic=accountmanagement
[Sat Jan 22 08:47:27.989665 2022] [core:error] [pid 12352:tid 1928] (20024)The given path is misformatted or contained invalid characters: [client ::1:50561] AH00127: Cannot map GET /%3C?%20echo%20$layout_name;%20?%3E/images/favicon.ico HTTP/1.1 to file, referer: http://localhost/?subtopic=buypoints&system=homepay
[Sat Jan 22 08:47:31.542361 2022] [core:error] [pid 12352:tid 1928] (20024)The given path is misformatted or contained invalid characters: [client ::1:50561] AH00127: Cannot map GET /%3C?%20echo%20$layout_name;%20?%3E/images/favicon.ico HTTP/1.1 to file, referer: http://localhost/?subtopic=buypoints&action=agreement
[Sat Jan 22 08:47:35.274285 2022] [core:error] [pid 12352:tid 1928] (20024)The given path is misformatted or contained invalid characters: [client ::1:50561] AH00127: Cannot map GET /%3C?%20echo%20$layout_name;%20?%3E/images/favicon.ico HTTP/1.1 to file, referer: http://localhost/index.php?subtopic=buypoints&action=tipo
[Sat Jan 22 08:47:38.906171 2022] [core:error] [pid 12352:tid 1928] (20024)The given path is misformatted or contained invalid characters: [client ::1:50561] AH00127: Cannot map GET /%3C?%20echo%20$layout_name;%20?%3E/images/favicon.ico HTTP/1.1 to file, referer: http://localhost/index.php?subtopic=buypoints&action=confirmacao
[Sat Jan 22 08:47:49.459508 2022] [core:error] [pid 12352:tid 1932] (20024)The given path is misformatted or contained invalid characters: [client ::1:50592] AH00127: Cannot map GET /%3C?%20echo%20$layout_name;%20?%3E/images/favicon.ico HTTP/1.1 to file, referer: http://localhost/index.php?subtopic=accountmanagement
[Sat Jan 22 08:47:51.072425 2022] [core:error] [pid 12352:tid 1932] (20024)The given path is misformatted or contained invalid characters: [client ::1:50592] AH00127: Cannot map GET /%3C?%20echo%20$layout_name;%20?%3E/images/favicon.ico HTTP/1.1 to file, referer: http://localhost/index.php?subtopic=shopsystem
[Sat Jan 22 08:47:52.948214 2022] [core:error] [pid 12352:tid 1932] (20024)The given path is misformatted or contained invalid characters: [client ::1:50592] AH00127: Cannot map GET /%3C?%20echo%20$layout_name;%20?%3E/images/favicon.ico HTTP/1.1 to file, referer: http://localhost/index.php?subtopic=buypoints&system=homepay
[Sat Jan 22 08:47:54.468537 2022] [core:error] [pid 12352:tid 1932] (20024)The given path is misformatted or contained invalid characters: [client ::1:50592] AH00127: Cannot map GET /%3C?%20echo%20$layout_name;%20?%3E/images/favicon.ico HTTP/1.1 to file, referer: http://localhost/index.php?subtopic=buypoints&action=agreement
[Sat Jan 22 08:47:56.619336 2022] [core:error] [pid 12352:tid 1916] (20024)The given path is misformatted or contained invalid characters: [client ::1:50609] AH00127: Cannot map GET /%3C?%20echo%20$layout_name;%20?%3E/images/favicon.ico HTTP/1.1 to file, referer: http://localhost/index.php?subtopic=buypoints&action=tipo
[Sat Jan 22 09:20:11.096393 2022] [php7:warn] [pid 12352:tid 1916] [client ::1:50787] PHP Warning:  Invalid argument supplied for foreach() in C:\\xampp\\htdocs\\pages\\latestnews.php on line 18
[Sat Jan 22 09:20:11.097391 2022] [php7:warn] [pid 12352:tid 1916] [client ::1:50787] PHP Warning:  Invalid argument supplied for foreach() in C:\\xampp\\htdocs\\pages\\latestnews.php on line 286
[Sat Jan 22 09:20:12.423990 2022] [core:error] [pid 12352:tid 1916] (20024)The given path is misformatted or contained invalid characters: [client ::1:50787] AH00127: Cannot map GET /%3C?%20echo%20$layout_name;%20?%3E/images/favicon.ico HTTP/1.1 to file, referer: http://localhost/
[Sat Jan 22 09:36:16.833801 2022] [core:error] [pid 12352:tid 1928] (20024)The given path is misformatted or contained invalid characters: [client ::1:51232] AH00127: Cannot map GET /%3C?%20echo%20$layout_name;%20?%3E/images/favicon.ico HTTP/1.1 to file, referer: http://localhost/?subtopic=whoisonline
[Sat Jan 22 09:38:26.392121 2022] [core:error] [pid 12352:tid 1928] (20024)The given path is misformatted or contained invalid characters: [client ::1:51246] AH00127: Cannot map GET /%3C?%20echo%20$layout_name;%20?%3E/images/favicon.ico HTTP/1.1 to file, referer: http://localhost/?subtopic=shopsystem
[Sat Jan 22 09:38:48.688906 2022] [core:error] [pid 12352:tid 1916] (20024)The given path is misformatted or contained invalid characters: [client ::1:51258] AH00127: Cannot map GET /%3C?%20echo%20$layout_name;%20?%3E/images/favicon.ico HTTP/1.1 to file, referer: http://localhost/?subtopic=accountmanagement
[Sun Jan 23 13:55:54.936206 2022] [php7:warn] [pid 7868:tid 1940] [client ::1:65455] PHP Warning:  Invalid argument supplied for foreach() in C:\\xampp\\htdocs\\pages\\latestnews.php on line 18
[Sun Jan 23 13:55:54.955154 2022] [php7:warn] [pid 7868:tid 1940] [client ::1:65455] PHP Warning:  Invalid argument supplied for foreach() in C:\\xampp\\htdocs\\pages\\latestnews.php on line 286
[Sun Jan 23 13:55:56.274257 2022] [core:error] [pid 7868:tid 1940] (20024)The given path is misformatted or contained invalid characters: [client ::1:65455] AH00127: Cannot map GET /%3C?%20echo%20$layout_name;%20?%3E/images/favicon.ico HTTP/1.1 to file, referer: http://localhost/
[Sun Jan 23 13:58:15.887433 2022] [php7:warn] [pid 7868:tid 1940] [client ::1:49312] PHP Warning:  Invalid argument supplied for foreach() in C:\\xampp\\htdocs\\pages\\latestnews.php on line 18
[Sun Jan 23 13:58:15.888312 2022] [php7:warn] [pid 7868:tid 1940] [client ::1:49312] PHP Warning:  Invalid argument supplied for foreach() in C:\\xampp\\htdocs\\pages\\latestnews.php on line 286
[Sun Jan 23 13:58:16.846794 2022] [core:error] [pid 7868:tid 1940] (20024)The given path is misformatted or contained invalid characters: [client ::1:49312] AH00127: Cannot map GET /%3C?%20echo%20$layout_name;%20?%3E/images/favicon.ico HTTP/1.1 to file, referer: http://localhost/
[Sun Jan 23 13:58:31.549662 2022] [core:error] [pid 7868:tid 1908] (20024)The given path is misformatted or contained invalid characters: [client ::1:49322] AH00127: Cannot map GET /%3C?%20echo%20$layout_name;%20?%3E/images/favicon.ico HTTP/1.1 to file, referer: http://localhost/?subtopic=accountmanagement
[Sun Jan 23 13:58:47.291857 2022] [core:error] [pid 7868:tid 1908] (20024)The given path is misformatted or contained invalid characters: [client ::1:49323] AH00127: Cannot map GET /%3C?%20echo%20$layout_name;%20?%3E/images/favicon.ico HTTP/1.1 to file, referer: http://localhost/?subtopic=shopsystem
[Mon Jan 24 13:27:34.810303 2022] [core:error] [pid 1756:tid 1900] (20024)The given path is misformatted or contained invalid characters: [client ::1:61219] AH00127: Cannot map GET /%3C?%20echo%20$layout_name;%20?%3E/images/favicon.ico HTTP/1.1 to file, referer: http://localhost/?subtopic=shopsystem
[Mon Jan 24 13:45:46.018971 2022] [core:error] [pid 1756:tid 1916] (20024)The given path is misformatted or contained invalid characters: [client ::1:61408] AH00127: Cannot map GET /%3C?%20echo%20$layout_name;%20?%3E/images/favicon.ico HTTP/1.1 to file, referer: http://localhost/?subtopic=accountmanagement
[Mon Jan 24 13:45:52.017035 2022] [core:error] [pid 1756:tid 1908] (20024)The given path is misformatted or contained invalid characters: [client ::1:61413] AH00127: Cannot map GET /%3C?%20echo%20$layout_name;%20?%3E/images/favicon.ico HTTP/1.1 to file, referer: http://localhost/?subtopic=accountmanagement
[Mon Jan 24 13:45:57.876710 2022] [core:error] [pid 1756:tid 1908] (20024)The given path is misformatted or contained invalid characters: [client ::1:61413] AH00127: Cannot map GET /%3C?%20echo%20$layout_name;%20?%3E/images/favicon.ico HTTP/1.1 to file, referer: http://localhost/?subtopic=buypoints
[Mon Jan 24 13:46:02.324854 2022] [core:error] [pid 1756:tid 1908] (20024)The given path is misformatted or contained invalid characters: [client ::1:61413] AH00127: Cannot map GET /%3C?%20echo%20$layout_name;%20?%3E/images/favicon.ico HTTP/1.1 to file, referer: http://localhost/?subtopic=buypoints&action=agreement
[Mon Jan 24 13:46:05.530367 2022] [core:error] [pid 1756:tid 1908] (20024)The given path is misformatted or contained invalid characters: [client ::1:61413] AH00127: Cannot map GET /%3C?%20echo%20$layout_name;%20?%3E/images/favicon.ico HTTP/1.1 to file, referer: http://localhost/?subtopic=shopsystem
[Mon Jan 24 13:47:06.464506 2022] [core:error] [pid 1756:tid 1908] (20024)The given path is misformatted or contained invalid characters: [client ::1:61429] AH00127: Cannot map GET /%3C?%20echo%20$layout_name;%20?%3E/images/favicon.ico HTTP/1.1 to file, referer: http://localhost/?subtopic=shopsystem&action=select_player
[Mon Jan 24 13:47:09.444374 2022] [core:error] [pid 1756:tid 1908] (20024)The given path is misformatted or contained invalid characters: [client ::1:61429] AH00127: Cannot map GET /%3C?%20echo%20$layout_name;%20?%3E/images/favicon.ico HTTP/1.1 to file, referer: http://localhost/?subtopic=shopsystem&action=confirm_transaction
[Mon Jan 24 13:47:10.860361 2022] [core:error] [pid 1756:tid 1908] (20024)The given path is misformatted or contained invalid characters: [client ::1:61429] AH00127: Cannot map GET /%3C?%20echo%20$layout_name;%20?%3E/images/favicon.ico HTTP/1.1 to file, referer: http://localhost/?subtopic=shopsystem&action=confirm_transaction
[Mon Jan 24 13:48:00.685348 2022] [core:error] [pid 1756:tid 1908] (20024)The given path is misformatted or contained invalid characters: [client ::1:61444] AH00127: Cannot map GET /%3C?%20echo%20$layout_name;%20?%3E/images/favicon.ico HTTP/1.1 to file, referer: http://localhost/?subtopic=shopsystem
[Mon Jan 24 13:48:07.218123 2022] [core:error] [pid 1756:tid 1908] (20024)The given path is misformatted or contained invalid characters: [client ::1:61447] AH00127: Cannot map GET /%3C?%20echo%20$layout_name;%20?%3E/images/favicon.ico HTTP/1.1 to file, referer: http://localhost/?subtopic=shopsystem&action=select_player
[Mon Jan 24 13:48:08.457643 2022] [core:error] [pid 1756:tid 1908] (20024)The given path is misformatted or contained invalid characters: [client ::1:61447] AH00127: Cannot map GET /%3C?%20echo%20$layout_name;%20?%3E/images/favicon.ico HTTP/1.1 to file, referer: http://localhost/?subtopic=shopsystem&action=confirm_transaction
[Mon Jan 24 13:48:09.576008 2022] [core:error] [pid 1756:tid 1908] (20024)The given path is misformatted or contained invalid characters: [client ::1:61447] AH00127: Cannot map GET /%3C?%20echo%20$layout_name;%20?%3E/images/favicon.ico HTTP/1.1 to file, referer: http://localhost/?subtopic=shopsystem&action=confirm_transaction
[Mon Jan 24 13:48:11.269397 2022] [core:error] [pid 1756:tid 1908] (20024)The given path is misformatted or contained invalid characters: [client ::1:61447] AH00127: Cannot map GET /%3C?%20echo%20$layout_name;%20?%3E/images/favicon.ico HTTP/1.1 to file, referer: http://localhost/?subtopic=shopsystem
[Mon Jan 24 13:48:15.466085 2022] [core:error] [pid 1756:tid 1908] (20024)The given path is misformatted or contained invalid characters: [client ::1:61447] AH00127: Cannot map GET /%3C?%20echo%20$layout_name;%20?%3E/images/favicon.ico HTTP/1.1 to file, referer: http://localhost/?subtopic=shopsystem&action=select_player
[Mon Jan 24 19:41:33.901798 2022] [php7:warn] [pid 5872:tid 1932] [client ::1:49279] PHP Warning:  Invalid argument supplied for foreach() in C:\\xampp\\htdocs\\pages\\latestnews.php on line 18
[Mon Jan 24 19:41:33.902795 2022] [php7:warn] [pid 5872:tid 1932] [client ::1:49279] PHP Warning:  Invalid argument supplied for foreach() in C:\\xampp\\htdocs\\pages\\latestnews.php on line 286
[Mon Jan 24 19:41:34.762300 2022] [core:error] [pid 5872:tid 1932] (20024)The given path is misformatted or contained invalid characters: [client ::1:49279] AH00127: Cannot map GET /%3C?%20echo%20$layout_name;%20?%3E/images/favicon.ico HTTP/1.1 to file, referer: http://localhost/
[Mon Jan 24 19:41:36.624484 2022] [core:error] [pid 5872:tid 1932] (20024)The given path is misformatted or contained invalid characters: [client ::1:49279] AH00127: Cannot map GET /%3C?%20echo%20$layout_name;%20?%3E/images/favicon.ico HTTP/1.1 to file, referer: http://localhost/?subtopic=downloads
[Mon Jan 24 19:41:40.366093 2022] [core:error] [pid 5872:tid 1932] (20024)The given path is misformatted or contained invalid characters: [client ::1:49279] AH00127: Cannot map GET /%3C?%20echo%20$layout_name;%20?%3E/images/favicon.ico HTTP/1.1 to file, referer: http://localhost/?subtopic=downloads
[Mon Jan 24 19:42:35.021696 2022] [core:error] [pid 5872:tid 1932] (20024)The given path is misformatted or contained invalid characters: [client ::1:49305] AH00127: Cannot map GET /%3C?%20echo%20$layout_name;%20?%3E/images/favicon.ico HTTP/1.1 to file, referer: http://localhost/?subtopic=downloads
[Mon Jan 24 19:42:39.555826 2022] [core:error] [pid 5872:tid 1932] (20024)The given path is misformatted or contained invalid characters: [client ::1:49305] AH00127: Cannot map GET /%3C?%20echo%20$layout_name;%20?%3E/images/favicon.ico HTTP/1.1 to file, referer: http://localhost/?subtopic=downloads
[Mon Jan 24 19:42:48.545935 2022] [core:error] [pid 5872:tid 1932] (20024)The given path is misformatted or contained invalid characters: [client ::1:49311] AH00127: Cannot map GET /%3C?%20echo%20$layout_name;%20?%3E/images/favicon.ico HTTP/1.1 to file, referer: http://localhost/?subtopic=tasks
[Mon Jan 24 19:42:53.642076 2022] [core:error] [pid 5872:tid 1932] (20024)The given path is misformatted or contained invalid characters: [client ::1:49311] AH00127: Cannot map GET /%3C?%20echo%20$layout_name;%20?%3E/images/favicon.ico HTTP/1.1 to file, referer: http://localhost/?subtopic=serverinfo
[Mon Jan 24 19:43:25.826836 2022] [core:error] [pid 5872:tid 1932] (20024)The given path is misformatted or contained invalid characters: [client ::1:49318] AH00127: Cannot map GET /%3C?%20echo%20$layout_name;%20?%3E/images/favicon.ico HTTP/1.1 to file, referer: http://localhost/?subtopic=shopsystem
[Mon Jan 24 19:43:34.734518 2022] [core:error] [pid 5872:tid 1932] (20024)The given path is misformatted or contained invalid characters: [client ::1:49323] AH00127: Cannot map GET /%3C?%20echo%20$layout_name;%20?%3E/images/favicon.ico HTTP/1.1 to file, referer: http://localhost/?subtopic=serverinfo
[Mon Jan 24 19:43:36.896137 2022] [core:error] [pid 5872:tid 1932] (20024)The given path is misformatted or contained invalid characters: [client ::1:49323] AH00127: Cannot map GET /%3C?%20echo%20$layout_name;%20?%3E/images/favicon.ico HTTP/1.1 to file, referer: http://localhost/?subtopic=team
[Mon Jan 24 19:43:49.080561 2022] [core:error] [pid 5872:tid 1932] (20024)The given path is misformatted or contained invalid characters: [client ::1:49328] AH00127: Cannot map GET /%3C?%20echo%20$layout_name;%20?%3E/images/favicon.ico HTTP/1.1 to file, referer: http://localhost/?subtopic=team
[Mon Jan 24 19:48:38.519705 2022] [core:error] [pid 5872:tid 1932] (20024)The given path is misformatted or contained invalid characters: [client ::1:58580] AH00127: Cannot map GET /%3C?%20echo%20$layout_name;%20?%3E/images/favicon.ico HTTP/1.1 to file, referer: http://localhost/?subtopic=team
[Mon Jan 24 19:48:43.848842 2022] [core:error] [pid 5872:tid 1932] (20024)The given path is misformatted or contained invalid characters: [client ::1:58580] AH00127: Cannot map GET /%3C?%20echo%20$layout_name;%20?%3E/images/favicon.ico HTTP/1.1 to file, referer: http://localhost/?subtopic=wars
[Mon Jan 24 19:48:47.763511 2022] [core:error] [pid 5872:tid 1932] (20024)The given path is misformatted or contained invalid characters: [client ::1:58580] AH00127: Cannot map GET /%3C?%20echo%20$layout_name;%20?%3E/images/favicon.ico HTTP/1.1 to file, referer: http://localhost/?subtopic=forum
[Mon Jan 24 19:49:12.120356 2022] [core:error] [pid 5872:tid 1932] (20024)The given path is misformatted or contained invalid characters: [client ::1:58589] AH00127: Cannot map GET /%3C?%20echo%20$layout_name;%20?%3E/images/favicon.ico HTTP/1.1 to file, referer: http://localhost/?subtopic=wars
[Mon Jan 24 19:49:14.539236 2022] [core:error] [pid 5872:tid 1932] (20024)The given path is misformatted or contained invalid characters: [client ::1:58589] AH00127: Cannot map GET /%3C?%20echo%20$layout_name;%20?%3E/images/favicon.ico HTTP/1.1 to file, referer: http://localhost/?subtopic=forum
[Mon Jan 24 19:49:16.704122 2022] [core:error] [pid 5872:tid 1932] (20024)The given path is misformatted or contained invalid characters: [client ::1:58589] AH00127: Cannot map GET /%3C?%20echo%20$layout_name;%20?%3E/images/favicon.ico HTTP/1.1 to file, referer: http://localhost/?subtopic=forum&action=show_board&id=1
[Mon Jan 24 19:49:20.681011 2022] [core:error] [pid 5872:tid 1932] (20024)The given path is misformatted or contained invalid characters: [client ::1:58589] AH00127: Cannot map GET /%3C?%20echo%20$layout_name;%20?%3E/images/favicon.ico HTTP/1.1 to file, referer: http://localhost/?subtopic=forum&action=show_thread&id=9
[Mon Jan 24 19:49:30.335708 2022] [core:error] [pid 5872:tid 1908] (20024)The given path is misformatted or contained invalid characters: [client ::1:58607] AH00127: Cannot map GET /%3C?%20echo%20$layout_name;%20?%3E/images/favicon.ico HTTP/1.1 to file, referer: http://localhost/?subtopic=accountmanagement
[Mon Jan 24 19:49:35.716471 2022] [core:error] [pid 5872:tid 1924] (20024)The given path is misformatted or contained invalid characters: [client ::1:58614] AH00127: Cannot map GET /%3C?%20echo%20$layout_name;%20?%3E/images/favicon.ico HTTP/1.1 to file, referer: http://localhost/?subtopic=accountmanagement
[Mon Jan 24 19:49:37.539925 2022] [core:error] [pid 5872:tid 1924] (20024)The given path is misformatted or contained invalid characters: [client ::1:58614] AH00127: Cannot map GET /%3C?%20echo%20$layout_name;%20?%3E/images/favicon.ico HTTP/1.1 to file, referer: http://localhost/?subtopic=forum
[Mon Jan 24 19:49:39.966959 2022] [core:error] [pid 5872:tid 1924] (20024)The given path is misformatted or contained invalid characters: [client ::1:58614] AH00127: Cannot map GET /%3C?%20echo%20$layout_name;%20?%3E/images/favicon.ico HTTP/1.1 to file, referer: http://localhost/?subtopic=forum&action=show_board&id=1
[Mon Jan 24 19:49:42.744609 2022] [core:error] [pid 5872:tid 1924] (20024)The given path is misformatted or contained invalid characters: [client ::1:58614] AH00127: Cannot map GET /%3C?%20echo%20$layout_name;%20?%3E/images/favicon.ico HTTP/1.1 to file, referer: http://localhost/?subtopic=forum&action=show_thread&id=9
[Mon Jan 24 19:49:46.275343 2022] [core:error] [pid 5872:tid 1924] (20024)The given path is misformatted or contained invalid characters: [client ::1:58614] AH00127: Cannot map GET /%3C?%20echo%20$layout_name;%20?%3E/images/favicon.ico HTTP/1.1 to file, referer: http://localhost/?subtopic=forum&action=edit_post&id=9
[Mon Jan 24 19:49:52.202016 2022] [core:error] [pid 5872:tid 1924] (20024)The given path is misformatted or contained invalid characters: [client ::1:58614] AH00127: Cannot map GET /%3C?%20echo%20$layout_name;%20?%3E/images/favicon.ico HTTP/1.1 to file, referer: http://localhost/?subtopic=forum&action=show_thread&id=9
[Mon Jan 24 19:57:52.995626 2022] [core:error] [pid 5872:tid 1924] (20024)The given path is misformatted or contained invalid characters: [client ::1:58728] AH00127: Cannot map GET /%3C?%20echo%20$layout_name;%20?%3E/images/favicon.ico HTTP/1.1 to file, referer: http://localhost/?subtopic=forum&action=show_thread&id=9
[Mon Jan 24 19:57:55.281078 2022] [php7:warn] [pid 5872:tid 1924] [client ::1:58728] PHP Warning:  Invalid argument supplied for foreach() in C:\\xampp\\htdocs\\pages\\latestnews.php on line 18, referer: http://localhost/?subtopic=forum&action=show_thread&id=9
[Mon Jan 24 19:57:55.282076 2022] [php7:warn] [pid 5872:tid 1924] [client ::1:58728] PHP Warning:  Invalid argument supplied for foreach() in C:\\xampp\\htdocs\\pages\\latestnews.php on line 286, referer: http://localhost/?subtopic=forum&action=show_thread&id=9
[Mon Jan 24 19:57:55.982883 2022] [core:error] [pid 5872:tid 1924] (20024)The given path is misformatted or contained invalid characters: [client ::1:58728] AH00127: Cannot map GET /%3C?%20echo%20$layout_name;%20?%3E/images/favicon.ico HTTP/1.1 to file, referer: http://localhost/?subtopic=latestnews
[Mon Jan 24 20:05:10.395613 2022] [php7:warn] [pid 5872:tid 1900] [client ::1:58838] PHP Warning:  Invalid argument supplied for foreach() in C:\\xampp\\htdocs\\pages\\latestnews.php on line 18
[Mon Jan 24 20:05:10.396611 2022] [php7:warn] [pid 5872:tid 1900] [client ::1:58838] PHP Warning:  Invalid argument supplied for foreach() in C:\\xampp\\htdocs\\pages\\latestnews.php on line 286
[Mon Jan 24 20:05:11.475897 2022] [core:error] [pid 5872:tid 1900] (20024)The given path is misformatted or contained invalid characters: [client ::1:58838] AH00127: Cannot map GET /%3C?%20echo%20$layout_name;%20?%3E/images/favicon.ico HTTP/1.1 to file, referer: http://localhost/
[Mon Jan 24 20:05:19.612721 2022] [core:error] [pid 5872:tid 1932] (20024)The given path is misformatted or contained invalid characters: [client ::1:58846] AH00127: Cannot map GET /%3C?%20echo%20$layout_name;%20?%3E/images/favicon.ico HTTP/1.1 to file, referer: http://localhost/?subtopic=accountmanagement
[Mon Jan 24 20:05:22.760837 2022] [core:error] [pid 5872:tid 1932] (20024)The given path is misformatted or contained invalid characters: [client ::1:58846] AH00127: Cannot map GET /%3C?%20echo%20$layout_name;%20?%3E/images/favicon.ico HTTP/1.1 to file, referer: http://localhost/?subtopic=accountmanagement&action=logout
[Mon Jan 24 20:05:24.296941 2022] [php7:warn] [pid 5872:tid 1932] [client ::1:58846] PHP Warning:  Invalid argument supplied for foreach() in C:\\xampp\\htdocs\\pages\\latestnews.php on line 18, referer: http://localhost/?subtopic=accountmanagement&action=logout
[Mon Jan 24 20:05:24.297939 2022] [php7:warn] [pid 5872:tid 1932] [client ::1:58846] PHP Warning:  Invalid argument supplied for foreach() in C:\\xampp\\htdocs\\pages\\latestnews.php on line 286, referer: http://localhost/?subtopic=accountmanagement&action=logout
[Mon Jan 24 20:05:25.015905 2022] [core:error] [pid 5872:tid 1932] (20024)The given path is misformatted or contained invalid characters: [client ::1:58846] AH00127: Cannot map GET /%3C?%20echo%20$layout_name;%20?%3E/images/favicon.ico HTTP/1.1 to file, referer: http://localhost/?subtopic=latestnews
[Mon Jan 24 20:05:38.208709 2022] [php7:warn] [pid 5872:tid 1932] [client ::1:58886] PHP Warning:  Invalid argument supplied for foreach() in C:\\xampp\\htdocs\\pages\\latestnews.php on line 18
[Mon Jan 24 20:05:38.209707 2022] [php7:warn] [pid 5872:tid 1932] [client ::1:58886] PHP Warning:  Invalid argument supplied for foreach() in C:\\xampp\\htdocs\\pages\\latestnews.php on line 286
[Mon Jan 24 20:05:39.030405 2022] [core:error] [pid 5872:tid 1932] (20024)The given path is misformatted or contained invalid characters: [client ::1:58886] AH00127: Cannot map GET /%3C?%20echo%20$layout_name;%20?%3E/images/favicon.ico HTTP/1.1 to file, referer: http://localhost/
[Mon Jan 24 20:07:16.614085 2022] [php7:warn] [pid 5872:tid 1932] [client ::1:58901] PHP Warning:  Invalid argument supplied for foreach() in C:\\xampp\\htdocs\\pages\\latestnews.php on line 18, referer: http://localhost/
[Mon Jan 24 20:07:16.615083 2022] [php7:warn] [pid 5872:tid 1932] [client ::1:58901] PHP Warning:  Invalid argument supplied for foreach() in C:\\xampp\\htdocs\\pages\\latestnews.php on line 286, referer: http://localhost/
[Mon Jan 24 20:07:17.634185 2022] [core:error] [pid 5872:tid 1932] (20024)The given path is misformatted or contained invalid characters: [client ::1:58901] AH00127: Cannot map GET /%3C?%20echo%20$layout_name;%20?%3E/images/favicon.ico HTTP/1.1 to file, referer: http://localhost/?subtopic=latestnews
[Mon Jan 24 20:07:19.371951 2022] [core:error] [pid 5872:tid 1932] (20024)The given path is misformatted or contained invalid characters: [client ::1:58901] AH00127: Cannot map GET /%3C?%20echo%20$layout_name;%20?%3E/images/favicon.ico HTTP/1.1 to file, referer: http://localhost/?subtopic=archive
[Mon Jan 24 20:07:21.359008 2022] [php7:warn] [pid 5872:tid 1932] [client ::1:58901] PHP Warning:  Invalid argument supplied for foreach() in C:\\xampp\\htdocs\\pages\\latestnews.php on line 18, referer: http://localhost/?subtopic=archive
[Mon Jan 24 20:07:21.360004 2022] [php7:warn] [pid 5872:tid 1932] [client ::1:58901] PHP Warning:  Invalid argument supplied for foreach() in C:\\xampp\\htdocs\\pages\\latestnews.php on line 286, referer: http://localhost/?subtopic=archive
[Mon Jan 24 20:07:22.081545 2022] [core:error] [pid 5872:tid 1932] (20024)The given path is misformatted or contained invalid characters: [client ::1:58901] AH00127: Cannot map GET /%3C?%20echo%20$layout_name;%20?%3E/images/favicon.ico HTTP/1.1 to file, referer: http://localhost/?subtopic=latestnews
[Mon Jan 24 20:09:35.633189 2022] [php7:warn] [pid 5872:tid 1908] [client ::1:58926] PHP Warning:  Invalid argument supplied for foreach() in C:\\xampp\\htdocs\\pages\\latestnews.php on line 18, referer: http://localhost/?subtopic=archive
[Mon Jan 24 20:09:35.633189 2022] [php7:warn] [pid 5872:tid 1908] [client ::1:58926] PHP Warning:  Invalid argument supplied for foreach() in C:\\xampp\\htdocs\\pages\\latestnews.php on line 286, referer: http://localhost/?subtopic=archive
[Mon Jan 24 20:09:36.823935 2022] [core:error] [pid 5872:tid 1908] (20024)The given path is misformatted or contained invalid characters: [client ::1:58926] AH00127: Cannot map GET /%3C?%20echo%20$layout_name;%20?%3E/images/favicon.ico HTTP/1.1 to file, referer: http://localhost/?subtopic=latestnews
[Mon Jan 24 20:10:04.359610 2022] [core:error] [pid 5872:tid 1932] (20024)The given path is misformatted or contained invalid characters: [client ::1:58948] AH00127: Cannot map GET /%3C?%20echo%20$layout_name;%20?%3E/images/favicon.ico HTTP/1.1 to file, referer: http://localhost/?subtopic=accountmanagement
[Mon Jan 24 20:12:14.213371 2022] [php7:warn] [pid 5872:tid 1924] [client ::1:58970] PHP Warning:  Invalid argument supplied for foreach() in C:\\xampp\\htdocs\\pages\\latestnews.php on line 18, referer: http://localhost/?subtopic=accountmanagement
[Mon Jan 24 20:12:14.215368 2022] [php7:warn] [pid 5872:tid 1924] [client ::1:58970] PHP Warning:  Invalid argument supplied for foreach() in C:\\xampp\\htdocs\\pages\\latestnews.php on line 286, referer: http://localhost/?subtopic=accountmanagement
[Mon Jan 24 20:12:47.185270 2022] [php7:warn] [pid 5872:tid 1924] [client ::1:58982] PHP Warning:  Invalid argument supplied for foreach() in C:\\xampp\\htdocs\\pages\\latestnews.php on line 18, referer: http://localhost/?subtopic=accountmanagement
[Mon Jan 24 20:12:47.186268 2022] [php7:warn] [pid 5872:tid 1924] [client ::1:58982] PHP Warning:  Invalid argument supplied for foreach() in C:\\xampp\\htdocs\\pages\\latestnews.php on line 286, referer: http://localhost/?subtopic=accountmanagement
[Mon Jan 24 20:12:49.340781 2022] [php7:warn] [pid 5872:tid 1924] [client ::1:58982] PHP Warning:  Invalid argument supplied for foreach() in C:\\xampp\\htdocs\\pages\\latestnews.php on line 18, referer: http://localhost/?subtopic=accountmanagement
[Mon Jan 24 20:12:49.341779 2022] [php7:warn] [pid 5872:tid 1924] [client ::1:58982] PHP Warning:  Invalid argument supplied for foreach() in C:\\xampp\\htdocs\\pages\\latestnews.php on line 286, referer: http://localhost/?subtopic=accountmanagement
[Mon Jan 24 20:12:59.184084 2022] [core:error] [pid 5872:tid 1936] (20024)The given path is misformatted or contained invalid characters: [client ::1:58994] AH00127: Cannot map GET /%3C?%20echo%20$layout_name;%20?%3E/images/favicon.ico HTTP/1.1 to file, referer: http://localhost/?subtopic=accountmanagement&action=logout
[Mon Jan 24 20:12:59.959953 2022] [php7:warn] [pid 5872:tid 1936] [client ::1:58994] PHP Warning:  Invalid argument supplied for foreach() in C:\\xampp\\htdocs\\pages\\latestnews.php on line 18, referer: http://localhost/?subtopic=accountmanagement&action=logout
[Mon Jan 24 20:12:59.960978 2022] [php7:warn] [pid 5872:tid 1936] [client ::1:58994] PHP Warning:  Invalid argument supplied for foreach() in C:\\xampp\\htdocs\\pages\\latestnews.php on line 286, referer: http://localhost/?subtopic=accountmanagement&action=logout
[Mon Jan 24 20:13:00.706956 2022] [core:error] [pid 5872:tid 1936] (20024)The given path is misformatted or contained invalid characters: [client ::1:58994] AH00127: Cannot map GET /%3C?%20echo%20$layout_name;%20?%3E/images/favicon.ico HTTP/1.1 to file, referer: http://localhost/?subtopic=latestnews
[Mon Jan 24 20:18:36.677233 2022] [php7:warn] [pid 5872:tid 1908] [client ::1:59084] PHP Warning:  Invalid argument supplied for foreach() in C:\\xampp\\htdocs\\pages\\latestnews.php on line 18, referer: http://localhost/?subtopic=accountmanagement&action=logout
[Mon Jan 24 20:18:36.678230 2022] [php7:warn] [pid 5872:tid 1908] [client ::1:59084] PHP Warning:  Invalid argument supplied for foreach() in C:\\xampp\\htdocs\\pages\\latestnews.php on line 286, referer: http://localhost/?subtopic=accountmanagement&action=logout
[Mon Jan 24 20:18:37.784771 2022] [core:error] [pid 5872:tid 1908] (20024)The given path is misformatted or contained invalid characters: [client ::1:59084] AH00127: Cannot map GET /%3C?%20echo%20$layout_name;%20?%3E/images/favicon.ico HTTP/1.1 to file, referer: http://localhost/?subtopic=latestnews
[Mon Jan 24 20:26:09.001901 2022] [php7:warn] [pid 5872:tid 1932] [client ::1:59180] PHP Warning:  Invalid argument supplied for foreach() in C:\\xampp\\htdocs\\pages\\latestnews.php on line 18, referer: http://localhost/?subtopic=accountmanagement&action=logout
[Mon Jan 24 20:26:09.002898 2022] [php7:warn] [pid 5872:tid 1932] [client ::1:59180] PHP Warning:  Invalid argument supplied for foreach() in C:\\xampp\\htdocs\\pages\\latestnews.php on line 286, referer: http://localhost/?subtopic=accountmanagement&action=logout
[Mon Jan 24 20:26:10.874996 2022] [php7:warn] [pid 5872:tid 1932] [client ::1:59180] PHP Warning:  Invalid argument supplied for foreach() in C:\\xampp\\htdocs\\pages\\latestnews.php on line 18, referer: http://localhost/?subtopic=accountmanagement&action=logout
[Mon Jan 24 20:26:10.875994 2022] [php7:warn] [pid 5872:tid 1932] [client ::1:59180] PHP Warning:  Invalid argument supplied for foreach() in C:\\xampp\\htdocs\\pages\\latestnews.php on line 286, referer: http://localhost/?subtopic=accountmanagement&action=logout
[Mon Jan 24 20:26:11.569203 2022] [core:error] [pid 5872:tid 1932] (20024)The given path is misformatted or contained invalid characters: [client ::1:59180] AH00127: Cannot map GET /%3C?%20echo%20$layout_name;%20?%3E/images/favicon.ico HTTP/1.1 to file, referer: http://localhost/?subtopic=latestnews
[Mon Jan 24 20:29:03.196743 2022] [php7:warn] [pid 5872:tid 1936] [client ::1:59302] PHP Warning:  Invalid argument supplied for foreach() in C:\\xampp\\htdocs\\pages\\latestnews.php on line 18, referer: http://localhost/?subtopic=accountmanagement&action=logout
[Mon Jan 24 20:29:03.197741 2022] [php7:warn] [pid 5872:tid 1936] [client ::1:59302] PHP Warning:  Invalid argument supplied for foreach() in C:\\xampp\\htdocs\\pages\\latestnews.php on line 286, referer: http://localhost/?subtopic=accountmanagement&action=logout
[Mon Jan 24 20:29:04.265126 2022] [core:error] [pid 5872:tid 1936] (20024)The given path is misformatted or contained invalid characters: [client ::1:59302] AH00127: Cannot map GET /%3C?%20echo%20$layout_name;%20?%3E/images/favicon.ico HTTP/1.1 to file, referer: http://localhost/?subtopic=latestnews
[Mon Jan 24 20:29:32.240889 2022] [php7:warn] [pid 5872:tid 1936] [client ::1:59309] PHP Warning:  Invalid argument supplied for foreach() in C:\\xampp\\htdocs\\pages\\latestnews.php on line 18, referer: http://localhost/?subtopic=accountmanagement&action=logout
[Mon Jan 24 20:29:32.241888 2022] [php7:warn] [pid 5872:tid 1936] [client ::1:59309] PHP Warning:  Invalid argument supplied for foreach() in C:\\xampp\\htdocs\\pages\\latestnews.php on line 286, referer: http://localhost/?subtopic=accountmanagement&action=logout
[Mon Jan 24 20:29:32.966778 2022] [core:error] [pid 5872:tid 1936] (20024)The given path is misformatted or contained invalid characters: [client ::1:59309] AH00127: Cannot map GET /%3C?%20echo%20$layout_name;%20?%3E/images/favicon.ico HTTP/1.1 to file, referer: http://localhost/?subtopic=latestnews
[Mon Jan 24 21:02:02.367547 2022] [php7:warn] [pid 5872:tid 1936] [client ::1:59480] PHP Warning:  Invalid argument supplied for foreach() in C:\\xampp\\htdocs\\pages\\latestnews.php on line 18, referer: http://localhost/?subtopic=accountmanagement&action=logout
[Mon Jan 24 21:02:02.368545 2022] [php7:warn] [pid 5872:tid 1936] [client ::1:59480] PHP Warning:  Invalid argument supplied for foreach() in C:\\xampp\\htdocs\\pages\\latestnews.php on line 286, referer: http://localhost/?subtopic=accountmanagement&action=logout
[Mon Jan 24 21:02:03.877868 2022] [core:error] [pid 5872:tid 1936] (20024)The given path is misformatted or contained invalid characters: [client ::1:59480] AH00127: Cannot map GET /%3C?%20echo%20$layout_name;%20?%3E/images/favicon.ico HTTP/1.1 to file, referer: http://localhost/?subtopic=latestnews
[Mon Jan 24 21:02:44.911089 2022] [php7:warn] [pid 5872:tid 1936] [client ::1:59496] PHP Warning:  Invalid argument supplied for foreach() in C:\\xampp\\htdocs\\pages\\latestnews.php on line 18, referer: http://localhost/?subtopic=accountmanagement&action=logout
[Mon Jan 24 21:02:44.911089 2022] [php7:warn] [pid 5872:tid 1936] [client ::1:59496] PHP Warning:  Invalid argument supplied for foreach() in C:\\xampp\\htdocs\\pages\\latestnews.php on line 286, referer: http://localhost/?subtopic=accountmanagement&action=logout
[Mon Jan 24 21:02:45.675046 2022] [core:error] [pid 5872:tid 1936] (20024)The given path is misformatted or contained invalid characters: [client ::1:59496] AH00127: Cannot map GET /%3C?%20echo%20$layout_name;%20?%3E/images/favicon.ico HTTP/1.1 to file, referer: http://localhost/?subtopic=latestnews
[Mon Jan 24 21:04:03.146821 2022] [php7:warn] [pid 5872:tid 1936] [client ::1:59505] PHP Warning:  Invalid argument supplied for foreach() in C:\\xampp\\htdocs\\pages\\latestnews.php on line 18, referer: http://localhost/?subtopic=accountmanagement&action=logout
[Mon Jan 24 21:04:03.147819 2022] [php7:warn] [pid 5872:tid 1936] [client ::1:59505] PHP Warning:  Invalid argument supplied for foreach() in C:\\xampp\\htdocs\\pages\\latestnews.php on line 286, referer: http://localhost/?subtopic=accountmanagement&action=logout
[Mon Jan 24 21:04:04.169968 2022] [core:error] [pid 5872:tid 1936] (20024)The given path is misformatted or contained invalid characters: [client ::1:59505] AH00127: Cannot map GET /%3C?%20echo%20$layout_name;%20?%3E/images/favicon.ico HTTP/1.1 to file, referer: http://localhost/?subtopic=latestnews
[Mon Jan 24 21:15:20.921068 2022] [php7:warn] [pid 5872:tid 1932] [client ::1:60983] PHP Warning:  Invalid argument supplied for foreach() in C:\\xampp\\htdocs\\pages\\latestnews.php on line 18, referer: http://localhost/?subtopic=accountmanagement&action=logout
[Mon Jan 24 21:15:20.922067 2022] [php7:warn] [pid 5872:tid 1932] [client ::1:60983] PHP Warning:  Invalid argument supplied for foreach() in C:\\xampp\\htdocs\\pages\\latestnews.php on line 286, referer: http://localhost/?subtopic=accountmanagement&action=logout
[Mon Jan 24 21:15:22.246946 2022] [core:error] [pid 5872:tid 1932] (20024)The given path is misformatted or contained invalid characters: [client ::1:60983] AH00127: Cannot map GET /%3C?%20echo%20$layout_name;%20?%3E/images/favicon.ico HTTP/1.1 to file, referer: http://localhost/?subtopic=latestnews
[Mon Jan 24 21:19:26.191850 2022] [core:error] [pid 5872:tid 1932] (20024)The given path is misformatted or contained invalid characters: [client ::1:61042] AH00127: Cannot map GET /%3C?%20echo%20$layout_name;%20?%3E/images/favicon.ico HTTP/1.1 to file, referer: http://localhost/?subtopic=createaccount
[Mon Jan 24 21:27:38.202560 2022] [core:error] [pid 5872:tid 1932] (20024)The given path is misformatted or contained invalid characters: [client ::1:61089] AH00127: Cannot map GET /%3C?%20echo%20$layout_name;%20?%3E/images/favicon.ico HTTP/1.1 to file, referer: http://localhost/?subtopic=buypoints&system=homepay
[Mon Jan 24 21:27:40.698052 2022] [core:error] [pid 5872:tid 1908] (20024)The given path is misformatted or contained invalid characters: [client ::1:61097] AH00127: Cannot map GET /%3C?%20echo%20$layout_name;%20?%3E/images/favicon.ico HTTP/1.1 to file, referer: http://localhost/?subtopic=buypoints&action=agreement
[Mon Jan 24 23:02:13.523346 2022] [php7:crit] [pid 5872:tid 1924] [client ::1:62966] PHP Parse error:  syntax error, unexpected '<', expecting end of file in C:\\xampp\\htdocs\\pages\\latestnews.php on line 89, referer: http://localhost/?subtopic=forum&action=show_thread&id=9
[Mon Jan 24 23:02:23.260632 2022] [php7:crit] [pid 5872:tid 1924] [client ::1:62974] PHP Parse error:  syntax error, unexpected '<', expecting end of file in C:\\xampp\\htdocs\\pages\\latestnews.php on line 89, referer: http://localhost/?subtopic=forum&action=show_thread&id=9
[Mon Jan 24 23:02:40.967093 2022] [php7:crit] [pid 5872:tid 1924] [client ::1:62991] PHP Parse error:  syntax error, unexpected '<', expecting end of file in C:\\xampp\\htdocs\\pages\\latestnews.php on line 89, referer: http://localhost/?subtopic=forum&action=show_thread&id=9
[Mon Jan 24 23:03:51.770133 2022] [php7:warn] [pid 5872:tid 1924] [client ::1:63026] PHP Warning:  Invalid argument supplied for foreach() in C:\\xampp\\htdocs\\pages\\latestnews.php on line 286, referer: http://localhost/?subtopic=forum&action=show_thread&id=9
[Mon Jan 24 23:04:23.164496 2022] [php7:warn] [pid 5872:tid 1924] [client ::1:63047] PHP Warning:  Invalid argument supplied for foreach() in C:\\xampp\\htdocs\\pages\\latestnews.php on line 286, referer: http://localhost/?subtopic=forum&action=show_thread&id=9
[Mon Jan 24 23:04:23.893938 2022] [core:error] [pid 5872:tid 1924] (20024)The given path is misformatted or contained invalid characters: [client ::1:63047] AH00127: Cannot map GET /%3C?%20echo%20$layout_name;%20?%3E/images/favicon.ico HTTP/1.1 to file, referer: http://localhost/?subtopic=latestnews
[Mon Jan 24 23:04:26.208008 2022] [php7:warn] [pid 5872:tid 1924] [client ::1:63047] PHP Warning:  Invalid argument supplied for foreach() in C:\\xampp\\htdocs\\pages\\latestnews.php on line 286, referer: http://localhost/?subtopic=latestnews
[Mon Jan 24 23:04:26.926128 2022] [core:error] [pid 5872:tid 1924] (20024)The given path is misformatted or contained invalid characters: [client ::1:63047] AH00127: Cannot map GET /%3C?%20echo%20$layout_name;%20?%3E/images/favicon.ico HTTP/1.1 to file, referer: http://localhost/?subtopic=latestnews
[Mon Jan 24 23:04:51.570749 2022] [php7:warn] [pid 5872:tid 1924] [client ::1:63066] PHP Warning:  Invalid argument supplied for foreach() in C:\\xampp\\htdocs\\pages\\latestnews.php on line 286, referer: http://localhost/?subtopic=latestnews
[Mon Jan 24 23:04:51.616627 2022] [php7:warn] [pid 5872:tid 1924] [client ::1:63066] PHP Warning:  gmdate() expects parameter 2 to be integer, string given in C:\\xampp\\htdocs\\pages\\guild_image.php on line 25, referer: http://localhost/?subtopic=latestnews
[Mon Jan 24 23:04:52.284573 2022] [core:error] [pid 5872:tid 1924] (20024)The given path is misformatted or contained invalid characters: [client ::1:63066] AH00127: Cannot map GET /%3C?%20echo%20$layout_name;%20?%3E/images/favicon.ico HTTP/1.1 to file, referer: http://localhost/?subtopic=latestnews
[Mon Jan 24 23:05:00.646774 2022] [core:error] [pid 5872:tid 1908] (20024)The given path is misformatted or contained invalid characters: [client ::1:63076] AH00127: Cannot map GET /%3C?%20echo%20$layout_name;%20?%3E/images/favicon.ico HTTP/1.1 to file, referer: http://localhost/?subtopic=guilds&action=show&guild=
[Mon Jan 24 23:05:04.399488 2022] [core:error] [pid 5872:tid 1924] (20024)The given path is misformatted or contained invalid characters: [client ::1:63072] AH00127: Cannot map GET /%3C?%20echo%20$layout_name;%20?%3E/images/favicon.ico HTTP/1.1 to file, referer: http://localhost/?subtopic=guilds
[Mon Jan 24 23:05:09.274307 2022] [php7:warn] [pid 5872:tid 1924] [client ::1:63072] PHP Warning:  Invalid argument supplied for foreach() in C:\\xampp\\htdocs\\pages\\latestnews.php on line 286, referer: http://localhost/?subtopic=guilds
[Mon Jan 24 23:05:09.321874 2022] [php7:warn] [pid 5872:tid 1924] [client ::1:63072] PHP Warning:  gmdate() expects parameter 2 to be integer, string given in C:\\xampp\\htdocs\\pages\\guild_image.php on line 25, referer: http://localhost/?subtopic=latestnews
[Mon Jan 24 23:05:10.017830 2022] [core:error] [pid 5872:tid 1924] (20024)The given path is misformatted or contained invalid characters: [client ::1:63072] AH00127: Cannot map GET /%3C?%20echo%20$layout_name;%20?%3E/images/favicon.ico HTTP/1.1 to file, referer: http://localhost/?subtopic=latestnews
[Mon Jan 24 23:05:40.066805 2022] [php7:crit] [pid 5872:tid 1932] [client ::1:63083] PHP Parse error:  syntax error, unexpected '}', expecting end of file in C:\\xampp\\htdocs\\pages\\latestnews.php on line 317, referer: http://localhost/?subtopic=guilds
[Mon Jan 24 23:05:42.304076 2022] [php7:crit] [pid 5872:tid 1932] [client ::1:63083] PHP Parse error:  syntax error, unexpected '}', expecting end of file in C:\\xampp\\htdocs\\pages\\latestnews.php on line 317, referer: http://localhost/?subtopic=guilds
[Mon Jan 24 23:07:00.757544 2022] [php7:crit] [pid 5872:tid 1932] [client ::1:63148] PHP Parse error:  syntax error, unexpected '}', expecting end of file in C:\\xampp\\htdocs\\pages\\latestnews.php on line 317, referer: http://localhost/?subtopic=guilds
[Mon Jan 24 23:07:26.990237 2022] [php7:warn] [pid 5872:tid 1932] [client ::1:63167] PHP Warning:  gmdate() expects parameter 2 to be integer, string given in C:\\xampp\\htdocs\\pages\\guild_image.php on line 25, referer: http://localhost/?subtopic=latestnews
[Mon Jan 24 23:07:27.659710 2022] [core:error] [pid 5872:tid 1932] (20024)The given path is misformatted or contained invalid characters: [client ::1:63167] AH00127: Cannot map GET /%3C?%20echo%20$layout_name;%20?%3E/images/favicon.ico HTTP/1.1 to file, referer: http://localhost/?subtopic=latestnews
[Mon Jan 24 23:08:20.298744 2022] [core:error] [pid 5872:tid 1932] (20024)The given path is misformatted or contained invalid characters: [client ::1:63196] AH00127: Cannot map GET /%3C?%20echo%20$layout_name;%20?%3E/images/favicon.ico HTTP/1.1 to file, referer: http://localhost/?subtopic=killstatistics
[Mon Jan 24 23:08:27.650960 2022] [core:error] [pid 5872:tid 1900] (20024)The given path is misformatted or contained invalid characters: [client ::1:63211] AH00127: Cannot map GET /%3C?%20echo%20$layout_name;%20?%3E/images/favicon.ico HTTP/1.1 to file, referer: http://localhost/?subtopic=guilds
[Mon Jan 24 23:10:41.618953 2022] [core:error] [pid 5872:tid 1932] (20024)The given path is misformatted or contained invalid characters: [client ::1:63291] AH00127: Cannot map GET /%3C?%20echo%20$layout_name;%20?%3E/images/favicon.ico HTTP/1.1 to file, referer: http://localhost/?subtopic=guilds
[Mon Jan 24 23:10:43.254888 2022] [php7:warn] [pid 5872:tid 1932] [client ::1:63291] PHP Warning:  gmdate() expects parameter 2 to be integer, string given in C:\\xampp\\htdocs\\pages\\guild_image.php on line 25, referer: http://localhost/?subtopic=latestnews
[Mon Jan 24 23:10:43.955710 2022] [core:error] [pid 5872:tid 1932] (20024)The given path is misformatted or contained invalid characters: [client ::1:63291] AH00127: Cannot map GET /%3C?%20echo%20$layout_name;%20?%3E/images/favicon.ico HTTP/1.1 to file, referer: http://localhost/?subtopic=latestnews
[Mon Jan 24 23:10:52.925298 2022] [php7:warn] [pid 5872:tid 1932] [client ::1:63303] PHP Warning:  Invalid argument supplied for foreach() in C:\\xampp\\htdocs\\pages\\latestnews.php on line 18, referer: http://localhost/?subtopic=guilds
[Mon Jan 24 23:10:53.633093 2022] [core:error] [pid 5872:tid 1932] (20024)The given path is misformatted or contained invalid characters: [client ::1:63303] AH00127: Cannot map GET /%3C?%20echo%20$layout_name;%20?%3E/images/favicon.ico HTTP/1.1 to file, referer: http://localhost/?subtopic=latestnews
[Mon Jan 24 23:11:27.659835 2022] [php7:warn] [pid 5872:tid 1932] [client ::1:63323] PHP Warning:  Invalid argument supplied for foreach() in C:\\xampp\\htdocs\\pages\\latestnews.php on line 18, referer: http://localhost/?subtopic=guilds
[Mon Jan 24 23:11:57.719262 2022] [php7:warn] [pid 5872:tid 1924] [client ::1:63343] PHP Warning:  Invalid argument supplied for foreach() in C:\\xampp\\htdocs\\pages\\latestnews.php on line 18, referer: http://localhost/?subtopic=guilds
[Mon Jan 24 23:13:07.932913 2022] [php7:warn] [pid 5872:tid 1924] [client ::1:63406] PHP Warning:  Invalid argument supplied for foreach() in C:\\xampp\\htdocs\\pages\\latestnews.php on line 18, referer: http://localhost/?subtopic=guilds
[Mon Jan 24 23:13:53.997516 2022] [php7:warn] [pid 5872:tid 1924] [client ::1:63444] PHP Warning:  Invalid argument supplied for foreach() in C:\\xampp\\htdocs\\pages\\latestnews.php on line 18, referer: http://localhost/?subtopic=guilds
[Mon Jan 24 23:14:20.211647 2022] [php7:warn] [pid 5872:tid 1924] [client ::1:63464] PHP Warning:  Invalid argument supplied for foreach() in C:\\xampp\\htdocs\\pages\\latestnews.php on line 18, referer: http://localhost/?subtopic=guilds
[Mon Jan 24 23:17:06.792119 2022] [php7:warn] [pid 5872:tid 1924] [client ::1:63574] PHP Warning:  Invalid argument supplied for foreach() in C:\\xampp\\htdocs\\pages\\latestnews.php on line 18, referer: http://localhost/?subtopic=guilds
[Mon Jan 24 23:18:21.030092 2022] [php7:warn] [pid 5872:tid 1924] [client ::1:63655] PHP Warning:  Invalid argument supplied for foreach() in C:\\xampp\\htdocs\\pages\\latestnews.php on line 18, referer: http://localhost/?subtopic=guilds
[Mon Jan 24 23:40:52.542162 2022] [php7:warn] [pid 5872:tid 1924] [client ::1:60032] PHP Warning:  Invalid argument supplied for foreach() in C:\\xampp\\htdocs\\pages\\latestnews.php on line 18, referer: http://localhost/?subtopic=guilds
[Mon Jan 24 23:41:48.493018 2022] [php7:warn] [pid 5872:tid 1900] [client ::1:60084] PHP Warning:  Invalid argument supplied for foreach() in C:\\xampp\\htdocs\\pages\\latestnews.php on line 18, referer: http://localhost/?subtopic=guilds
[Mon Jan 24 23:42:36.400378 2022] [php7:warn] [pid 5872:tid 1924] [client ::1:60142] PHP Warning:  Invalid argument supplied for foreach() in C:\\xampp\\htdocs\\pages\\latestnews.php on line 18, referer: http://localhost/?subtopic=guilds
[Mon Jan 24 23:42:39.591036 2022] [php7:warn] [pid 5872:tid 1924] [client ::1:60142] PHP Warning:  Invalid argument supplied for foreach() in C:\\xampp\\htdocs\\pages\\latestnews.php on line 18, referer: http://localhost/?subtopic=guilds
[Mon Jan 24 23:49:56.702639 2022] [php7:warn] [pid 5872:tid 1900] [client ::1:60504] PHP Warning:  Invalid argument supplied for foreach() in C:\\xampp\\htdocs\\pages\\latestnews.php on line 18, referer: http://localhost/?subtopic=guilds
[Mon Jan 24 23:50:58.572260 2022] [php7:warn] [pid 5872:tid 1924] [client ::1:60547] PHP Warning:  Invalid argument supplied for foreach() in C:\\xampp\\htdocs\\pages\\latestnews.php on line 18, referer: http://localhost/?subtopic=guilds
[Mon Jan 24 23:56:52.996925 2022] [php7:crit] [pid 5872:tid 1924] [client ::1:60854] PHP Parse error:  syntax error, unexpected '<', expecting end of file in C:\\xampp\\htdocs\\pages\\latestnews.php on line 20, referer: http://localhost/?subtopic=guilds
[Mon Jan 24 23:57:13.743632 2022] [php7:crit] [pid 5872:tid 1924] [client ::1:60868] PHP Parse error:  syntax error, unexpected '<', expecting end of file in C:\\xampp\\htdocs\\pages\\latestnews.php on line 20, referer: http://localhost/?subtopic=guilds
[Mon Jan 24 23:57:23.339501 2022] [php7:warn] [pid 5872:tid 1924] [client ::1:60877] PHP Warning:  gmdate() expects parameter 2 to be integer, string given in C:\\xampp\\htdocs\\pages\\guild_image.php on line 25, referer: http://localhost/?subtopic=latestnews
[Tue Jan 25 00:00:06.934506 2022] [php7:warn] [pid 5872:tid 1924] [client ::1:60987] PHP Warning:  gmdate() expects parameter 2 to be integer, string given in C:\\xampp\\htdocs\\pages\\guild_image.php on line 25, referer: http://localhost/?subtopic=latestnews
[Tue Jan 25 00:01:07.986576 2022] [php7:warn] [pid 5872:tid 1924] [client ::1:61028] PHP Warning:  gmdate() expects parameter 2 to be integer, string given in C:\\xampp\\htdocs\\pages\\guild_image.php on line 25, referer: http://localhost/?subtopic=latestnews
[Tue Jan 25 00:01:56.625471 2022] [php7:crit] [pid 5872:tid 1924] [client ::1:61059] PHP Parse error:  syntax error, unexpected '<', expecting end of file in C:\\xampp\\htdocs\\pages\\latestnews.php on line 5, referer: http://localhost/?subtopic=guilds
[Tue Jan 25 00:02:55.446086 2022] [php7:warn] [pid 5872:tid 1924] [client ::1:61101] PHP Warning:  gmdate() expects parameter 2 to be integer, string given in C:\\xampp\\htdocs\\pages\\guild_image.php on line 25, referer: http://localhost/?subtopic=latestnews
[Tue Jan 25 00:04:55.337832 2022] [core:error] [pid 5872:tid 1924] (20024)The given path is misformatted or contained invalid characters: [client ::1:61173] AH00127: Cannot map GET /%3C?%20echo%20$layout_name;%20?%3E/images/favicon.ico HTTP/1.1 to file, referer: http://localhost/?subtopic=latestnews
[Tue Jan 25 00:06:08.532577 2022] [php7:crit] [pid 5872:tid 1924] [client ::1:61212] PHP Parse error:  syntax error, unexpected '<', expecting end of file in C:\\xampp\\htdocs\\pages\\latestnews.php on line 21, referer: http://localhost/?subtopic=guilds
[Tue Jan 25 00:06:21.618498 2022] [php7:crit] [pid 5872:tid 1924] [client ::1:61223] PHP Parse error:  syntax error, unexpected '<', expecting end of file in C:\\xampp\\htdocs\\pages\\latestnews.php on line 20, referer: http://localhost/?subtopic=guilds
[Tue Jan 25 00:07:25.789417 2022] [php7:crit] [pid 5872:tid 1924] [client ::1:61257] PHP Parse error:  syntax error, unexpected 'value' (T_STRING) in C:\\xampp\\htdocs\\pages\\latestnews.php on line 55, referer: http://localhost/?subtopic=guilds
[Tue Jan 25 00:07:54.259127 2022] [php7:crit] [pid 5872:tid 1924] [client ::1:61279] PHP Parse error:  syntax error, unexpected 'value' (T_STRING) in C:\\xampp\\htdocs\\pages\\latestnews.php on line 56, referer: http://localhost/?subtopic=guilds
[Tue Jan 25 00:08:33.556779 2022] [core:error] [pid 5872:tid 1924] (20024)The given path is misformatted or contained invalid characters: [client ::1:61301] AH00127: Cannot map GET /%3C?%20echo%20$layout_name;%20?%3E/images/favicon.ico HTTP/1.1 to file, referer: http://localhost/?subtopic=latestnews
[Tue Jan 25 00:10:07.676725 2022] [core:error] [pid 5872:tid 1924] (20024)The given path is misformatted or contained invalid characters: [client ::1:61356] AH00127: Cannot map GET /%3C?%20echo%20$layout_name;%20?%3E/images/favicon.ico HTTP/1.1 to file, referer: http://localhost/?subtopic=latestnews
[Tue Jan 25 00:10:43.809697 2022] [core:error] [pid 5872:tid 1924] (20024)The given path is misformatted or contained invalid characters: [client ::1:61379] AH00127: Cannot map GET /%3C?%20echo%20$layout_name;%20?%3E/images/favicon.ico HTTP/1.1 to file, referer: http://localhost/?subtopic=latestnews
[Tue Jan 25 00:12:04.864075 2022] [core:error] [pid 5872:tid 1900] (20024)The given path is misformatted or contained invalid characters: [client ::1:61438] AH00127: Cannot map GET /%3C?%20echo%20$layout_name;%20?%3E/images/favicon.ico HTTP/1.1 to file, referer: http://localhost/?subtopic=latestnews
[Tue Jan 25 00:12:21.070642 2022] [core:error] [pid 5872:tid 1900] (20024)The given path is misformatted or contained invalid characters: [client ::1:61440] AH00127: Cannot map GET /%3C?%20echo%20$layout_name;%20?%3E/images/favicon.ico HTTP/1.1 to file, referer: http://localhost/?subtopic=latestnews
[Tue Jan 25 00:15:17.777358 2022] [core:error] [pid 5872:tid 1924] (20024)The given path is misformatted or contained invalid characters: [client ::1:61482] AH00127: Cannot map GET /%3C?%20echo%20$layout_name;%20?%3E/images/favicon.ico HTTP/1.1 to file, referer: http://localhost/?subtopic=latestnews
[Tue Jan 25 00:22:39.518701 2022] [core:error] [pid 5872:tid 1924] (20024)The given path is misformatted or contained invalid characters: [client ::1:61513] AH00127: Cannot map GET /%3C?%20echo%20$layout_name;%20?%3E/images/favicon.ico HTTP/1.1 to file, referer: http://localhost/?subtopic=latestnews
[Tue Jan 25 00:23:49.262400 2022] [core:error] [pid 5872:tid 1924] (20024)The given path is misformatted or contained invalid characters: [client ::1:61521] AH00127: Cannot map GET /%3C?%20echo%20$layout_name;%20?%3E/images/favicon.ico HTTP/1.1 to file, referer: http://localhost/?subtopic=latestnews
[Tue Jan 25 00:27:55.703654 2022] [core:error] [pid 5872:tid 1924] (20024)The given path is misformatted or contained invalid characters: [client ::1:61551] AH00127: Cannot map GET /%3C?%20echo%20$layout_name;%20?%3E/images/favicon.ico HTTP/1.1 to file, referer: http://localhost/?subtopic=latestnews
[Tue Jan 25 00:30:26.822544 2022] [php7:crit] [pid 5872:tid 1924] [client ::1:61562] PHP Parse error:  syntax error, unexpected 's' (T_STRING) in C:\\xampp\\htdocs\\pages\\latestnews.php on line 29, referer: http://localhost/?subtopic=guilds
[Tue Jan 25 00:30:38.695082 2022] [core:error] [pid 5872:tid 1924] (20024)The given path is misformatted or contained invalid characters: [client ::1:61566] AH00127: Cannot map GET /%3C?%20echo%20$layout_name;%20?%3E/images/favicon.ico HTTP/1.1 to file, referer: http://localhost/?subtopic=latestnews
[Tue Jan 25 00:31:19.134081 2022] [php7:crit] [pid 5872:tid 1924] [client ::1:61100] PHP Parse error:  syntax error, unexpected 's' (T_STRING) in C:\\xampp\\htdocs\\pages\\latestnews.php on line 27, referer: http://localhost/?subtopic=guilds
[Tue Jan 25 00:32:33.830374 2022] [core:error] [pid 5872:tid 1924] (20024)The given path is misformatted or contained invalid characters: [client ::1:61109] AH00127: Cannot map GET /%3C?%20echo%20$layout_name;%20?%3E/images/favicon.ico HTTP/1.1 to file, referer: http://localhost/?subtopic=latestnews
[Tue Jan 25 00:32:51.300479 2022] [php7:crit] [pid 5872:tid 1924] [client ::1:61116] PHP Parse error:  syntax error, unexpected 's' (T_STRING) in C:\\xampp\\htdocs\\pages\\latestnews.php on line 26, referer: http://localhost/?subtopic=guilds
[Tue Jan 25 00:33:00.092114 2022] [php7:crit] [pid 5872:tid 1924] [client ::1:61120] PHP Parse error:  syntax error, unexpected 's' (T_STRING) in C:\\xampp\\htdocs\\pages\\latestnews.php on line 26, referer: http://localhost/?subtopic=guilds
[Tue Jan 25 00:33:10.802220 2022] [php7:crit] [pid 5872:tid 1924] [client ::1:61124] PHP Parse error:  syntax error, unexpected 's' (T_STRING) in C:\\xampp\\htdocs\\pages\\latestnews.php on line 25, referer: http://localhost/?subtopic=guilds
[Tue Jan 25 00:33:27.163820 2022] [php7:crit] [pid 5872:tid 1924] [client ::1:61127] PHP Parse error:  syntax error, unexpected 's' (T_STRING) in C:\\xampp\\htdocs\\pages\\latestnews.php on line 25, referer: http://localhost/?subtopic=guilds
[Tue Jan 25 00:33:46.300742 2022] [php7:crit] [pid 5872:tid 1924] [client ::1:61132] PHP Parse error:  syntax error, unexpected 's' (T_STRING) in C:\\xampp\\htdocs\\pages\\latestnews.php on line 25, referer: http://localhost/?subtopic=guilds
[Tue Jan 25 00:34:37.855477 2022] [core:error] [pid 5872:tid 1900] (20024)The given path is misformatted or contained invalid characters: [client ::1:61140] AH00127: Cannot map GET /%3C?%20echo%20$layout_name;%20?%3E/images/favicon.ico HTTP/1.1 to file, referer: http://localhost/?subtopic=latestnews
[Tue Jan 25 00:35:13.853916 2022] [core:error] [pid 5872:tid 1924] (20024)The given path is misformatted or contained invalid characters: [client ::1:61147] AH00127: Cannot map GET /%3C?%20echo%20$layout_name;%20?%3E/images/favicon.ico HTTP/1.1 to file, referer: http://localhost/?subtopic=latestnews
[Tue Jan 25 00:35:15.842786 2022] [core:error] [pid 5872:tid 1900] (20024)The given path is misformatted or contained invalid characters: [client ::1:61144] AH00127: Cannot map GET /%3C?%20echo%20$layout_name;%20?%3E/images/favicon.ico HTTP/1.1 to file, referer: http://localhost/?subtopic=latestnews
[Tue Jan 25 00:35:38.052583 2022] [core:error] [pid 5872:tid 1924] (20024)The given path is misformatted or contained invalid characters: [client ::1:61154] AH00127: Cannot map GET /%3C?%20echo%20$layout_name;%20?%3E/images/favicon.ico HTTP/1.1 to file, referer: http://localhost/?subtopic=latestnews
[Tue Jan 25 00:37:46.741694 2022] [core:error] [pid 5872:tid 1924] (20024)The given path is misformatted or contained invalid characters: [client ::1:61168] AH00127: Cannot map GET /%3C?%20echo%20$layout_name;%20?%3E/images/favicon.ico HTTP/1.1 to file, referer: http://localhost/?subtopic=latestnews
[Tue Jan 25 00:38:45.895949 2022] [core:error] [pid 5872:tid 1924] (20024)The given path is misformatted or contained invalid characters: [client ::1:61176] AH00127: Cannot map GET /%3C?%20echo%20$layout_name;%20?%3E/images/favicon.ico HTTP/1.1 to file, referer: http://localhost/?subtopic=latestnews
[Tue Jan 25 00:39:29.660669 2022] [core:error] [pid 5872:tid 1924] (20024)The given path is misformatted or contained invalid characters: [client ::1:61189] AH00127: Cannot map GET /%3C?%20echo%20$layout_name;%20?%3E/images/favicon.ico HTTP/1.1 to file, referer: http://localhost/?subtopic=latestnews
[Tue Jan 25 00:40:38.255909 2022] [core:error] [pid 5872:tid 1932] (20024)The given path is misformatted or contained invalid characters: [client ::1:61214] AH00127: Cannot map GET /%3C?%20echo%20$layout_name;%20?%3E/images/favicon.ico HTTP/1.1 to file, referer: http://localhost/?subtopic=accountmanagement
[Tue Jan 25 00:56:16.504558 2022] [core:error] [pid 5872:tid 1924] (20024)The given path is misformatted or contained invalid characters: [client ::1:61363] AH00127: Cannot map GET /%3C?%20echo%20$layout_name;%20?%3E/images/favicon.ico HTTP/1.1 to file, referer: http://localhost/?subtopic=accountmanagement
[Tue Jan 25 00:56:16.751099 2022] [core:error] [pid 5872:tid 1908] (20024)The given path is misformatted or contained invalid characters: [client ::1:61357] AH00127: Cannot map GET /%3C?%20echo%20$layout_name;%20?%3E/images/favicon.ico HTTP/1.1 to file, referer: http://localhost/?subtopic=accountmanagement
[Tue Jan 25 00:56:18.296628 2022] [core:error] [pid 5872:tid 1908] (20024)The given path is misformatted or contained invalid characters: [client ::1:61357] AH00127: Cannot map GET /%3C?%20echo%20$layout_name;%20?%3E/images/favicon.ico HTTP/1.1 to file, referer: http://localhost/?subtopic=latestnews
[Tue Jan 25 00:56:59.972021 2022] [core:error] [pid 5872:tid 1908] (20024)The given path is misformatted or contained invalid characters: [client ::1:61373] AH00127: Cannot map GET /%3C?%20echo%20$layout_name;%20?%3E/images/favicon.ico HTTP/1.1 to file, referer: http://localhost/?subtopic=latestnews
[Tue Jan 25 00:57:28.968390 2022] [core:error] [pid 5872:tid 1908] (20024)The given path is misformatted or contained invalid characters: [client ::1:61379] AH00127: Cannot map GET /%3C?%20echo%20$layout_name;%20?%3E/images/favicon.ico HTTP/1.1 to file, referer: http://localhost/?subtopic=latestnews
[Tue Jan 25 00:57:50.362491 2022] [core:error] [pid 5872:tid 1932] (20024)The given path is misformatted or contained invalid characters: [client ::1:61387] AH00127: Cannot map GET /%3C?%20echo%20$layout_name;%20?%3E/images/favicon.ico HTTP/1.1 to file, referer: http://localhost/?subtopic=latestnews
[Tue Jan 25 00:58:01.213925 2022] [core:error] [pid 5872:tid 1932] (20024)The given path is misformatted or contained invalid characters: [client ::1:61388] AH00127: Cannot map GET /%3C?%20echo%20$layout_name;%20?%3E/images/favicon.ico HTTP/1.1 to file, referer: http://localhost/?subtopic=latestnews
[Tue Jan 25 00:58:18.536996 2022] [core:error] [pid 5872:tid 1908] (20024)The given path is misformatted or contained invalid characters: [client ::1:61395] AH00127: Cannot map GET /%3C?%20echo%20$layout_name;%20?%3E/images/favicon.ico HTTP/1.1 to file, referer: http://localhost/?subtopic=latestnews
[Tue Jan 25 00:58:26.789435 2022] [core:error] [pid 5872:tid 1908] (20024)The given path is misformatted or contained invalid characters: [client ::1:61397] AH00127: Cannot map GET /%3C?%20echo%20$layout_name;%20?%3E/images/favicon.ico HTTP/1.1 to file, referer: http://localhost/?subtopic=latestnews
[Tue Jan 25 01:00:32.010739 2022] [core:error] [pid 5872:tid 1932] (20024)The given path is misformatted or contained invalid characters: [client ::1:61410] AH00127: Cannot map GET /%3C?%20echo%20$layout_name;%20?%3E/images/favicon.ico HTTP/1.1 to file, referer: http://localhost/?subtopic=latestnews
[Tue Jan 25 01:00:51.326888 2022] [core:error] [pid 5872:tid 1932] (20024)The given path is misformatted or contained invalid characters: [client ::1:61414] AH00127: Cannot map GET /%3C?%20echo%20$layout_name;%20?%3E/images/favicon.ico HTTP/1.1 to file, referer: http://localhost/?subtopic=latestnews
[Tue Jan 25 01:01:10.689299 2022] [core:error] [pid 5872:tid 1908] (20024)The given path is misformatted or contained invalid characters: [client ::1:61422] AH00127: Cannot map GET /%3C?%20echo%20$layout_name;%20?%3E/images/favicon.ico HTTP/1.1 to file, referer: http://localhost/?subtopic=latestnews
[Tue Jan 25 01:01:46.083158 2022] [core:error] [pid 5872:tid 1932] (20024)The given path is misformatted or contained invalid characters: [client ::1:61432] AH00127: Cannot map GET /%3C?%20echo%20$layout_name;%20?%3E/images/favicon.ico HTTP/1.1 to file, referer: http://localhost/?subtopic=latestnews
[Tue Jan 25 01:01:59.268510 2022] [core:error] [pid 5872:tid 1932] (20024)The given path is misformatted or contained invalid characters: [client ::1:61434] AH00127: Cannot map GET /%3C?%20echo%20$layout_name;%20?%3E/images/favicon.ico HTTP/1.1 to file, referer: http://localhost/?subtopic=latestnews
[Tue Jan 25 01:02:09.374413 2022] [php7:crit] [pid 5872:tid 1932] [client ::1:61444] PHP Parse error:  syntax error, unexpected '<', expecting end of file in C:\\xampp\\htdocs\\pages\\latestnews.php on line 31, referer: http://localhost/?subtopic=accountmanagement
[Tue Jan 25 01:02:33.547069 2022] [php7:crit] [pid 5872:tid 1932] [client ::1:61451] PHP Parse error:  syntax error, unexpected 'SELECT' (T_STRING) in C:\\xampp\\htdocs\\pages\\latestnews.php on line 36, referer: http://localhost/?subtopic=accountmanagement
[Tue Jan 25 01:02:41.115177 2022] [php7:crit] [pid 5872:tid 1932] [client ::1:61454] PHP Parse error:  syntax error, unexpected 'SELECT' (T_STRING) in C:\\xampp\\htdocs\\pages\\latestnews.php on line 36, referer: http://localhost/?subtopic=accountmanagement
[Tue Jan 25 01:02:44.129886 2022] [core:error] [pid 5872:tid 1908] (20024)The given path is misformatted or contained invalid characters: [client ::1:61460] AH00127: Cannot map GET /%3C?%20echo%20$layout_name;%20?%3E/images/favicon.ico HTTP/1.1 to file, referer: http://localhost/?subtopic=latestnews
[Sun Jan 30 02:42:24.133190 2022] [core:error] [pid 15920:tid 1912] (20024)The given path is misformatted or contained invalid characters: [client ::1:54423] AH00127: Cannot map GET /%3C?%20echo%20$layout_name;%20?%3E/images/favicon.ico HTTP/1.1 to file, referer: http://localhost/
[Sun Jan 30 02:43:27.615657 2022] [core:error] [pid 15920:tid 1900] (20024)The given path is misformatted or contained invalid characters: [client ::1:54446] AH00127: Cannot map GET /%3C?%20echo%20$layout_name;%20?%3E/images/favicon.ico HTTP/1.1 to file, referer: http://localhost/
[Sun Jan 30 02:43:33.503872 2022] [core:error] [pid 15920:tid 1932] (20024)The given path is misformatted or contained invalid characters: [client ::1:54454] AH00127: Cannot map GET /%3C?%20echo%20$layout_name;%20?%3E/images/favicon.ico HTTP/1.1 to file, referer: http://localhost/?subtopic=accountmanagement
[Sun Jan 30 02:44:26.112258 2022] [core:error] [pid 15920:tid 1912] (20024)The given path is misformatted or contained invalid characters: [client ::1:54468] AH00127: Cannot map GET /%3C?%20echo%20$layout_name;%20?%3E/images/favicon.ico HTTP/1.1 to file, referer: http://localhost/?subtopic=accountmanagement
[Sun Jan 30 02:46:14.751212 2022] [core:error] [pid 15920:tid 1912] (20024)The given path is misformatted or contained invalid characters: [client ::1:54488] AH00127: Cannot map GET /%3C?%20echo%20$layout_name;%20?%3E/images/favicon.ico HTTP/1.1 to file, referer: http://localhost/?subtopic=accountmanagement
[Sun Jan 30 02:46:48.565428 2022] [core:error] [pid 15920:tid 1940] (20024)The given path is misformatted or contained invalid characters: [client ::1:54503] AH00127: Cannot map GET /%3C?%20echo%20$layout_name;%20?%3E/images/favicon.ico HTTP/1.1 to file, referer: http://localhost/?subtopic=accountmanagement
[Sun Jan 30 02:48:02.791251 2022] [core:error] [pid 15920:tid 1912] (20024)The given path is misformatted or contained invalid characters: [client ::1:54510] AH00127: Cannot map GET /%3C?%20echo%20$layout_name;%20?%3E/images/favicon.ico HTTP/1.1 to file, referer: http://localhost/?subtopic=accountmanagement
[Sun Jan 30 02:48:11.058287 2022] [core:error] [pid 15920:tid 1920] (20024)The given path is misformatted or contained invalid characters: [client ::1:54522] AH00127: Cannot map GET /%3C?%20echo%20$layout_name;%20?%3E/images/favicon.ico HTTP/1.1 to file, referer: http://localhost/?subtopic=accountmanagement
[Sun Jan 30 02:48:30.714712 2022] [core:error] [pid 15920:tid 1932] (20024)The given path is misformatted or contained invalid characters: [client ::1:54531] AH00127: Cannot map GET /%3C?%20echo%20$layout_name;%20?%3E/images/favicon.ico HTTP/1.1 to file, referer: http://localhost/?subtopic=accountmanagement
[Sun Jan 30 02:49:01.124475 2022] [core:error] [pid 15920:tid 1932] (20024)The given path is misformatted or contained invalid characters: [client ::1:54533] AH00127: Cannot map GET /%3C?%20echo%20$layout_name;%20?%3E/images/favicon.ico HTTP/1.1 to file, referer: http://localhost/?subtopic=buychar
[Sun Jan 30 02:49:03.573321 2022] [core:error] [pid 15920:tid 1912] (20024)The given path is misformatted or contained invalid characters: [client ::1:54536] AH00127: Cannot map GET /%3C?%20echo%20$layout_name;%20?%3E/images/favicon.ico HTTP/1.1 to file, referer: http://localhost/?subtopic=accountmanagement
[Sun Jan 30 02:49:10.367575 2022] [core:error] [pid 15920:tid 1932] (20024)The given path is misformatted or contained invalid characters: [client ::1:54549] AH00127: Cannot map GET /%3C?%20echo%20$layout_name;%20?%3E/images/favicon.ico HTTP/1.1 to file, referer: http://localhost/?subtopic=accountmanagement
[Sun Jan 30 02:49:10.990737 2022] [core:error] [pid 15920:tid 1900] (20024)The given path is misformatted or contained invalid characters: [client ::1:54551] AH00127: Cannot map GET /%3C?%20echo%20$layout_name;%20?%3E/images/favicon.ico HTTP/1.1 to file, referer: http://localhost/?subtopic=buychar
[Sun Jan 30 02:49:41.874784 2022] [core:error] [pid 15920:tid 1928] (20024)The given path is misformatted or contained invalid characters: [client ::1:54559] AH00127: Cannot map GET /%3C?%20echo%20$layout_name;%20?%3E/images/favicon.ico HTTP/1.1 to file, referer: http://localhost/?subtopic=buychar
[Sun Jan 30 02:51:15.773370 2022] [core:error] [pid 15920:tid 1932] (20024)The given path is misformatted or contained invalid characters: [client ::1:54572] AH00127: Cannot map GET /%3C?%20echo%20$layout_name;%20?%3E/images/favicon.ico HTTP/1.1 to file, referer: http://localhost/?subtopic=guilds
[Sun Jan 30 02:51:18.180797 2022] [core:error] [pid 15920:tid 1912] (20024)The given path is misformatted or contained invalid characters: [client ::1:54585] AH00127: Cannot map GET /%3C?%20echo%20$layout_name;%20?%3E/images/favicon.ico HTTP/1.1 to file, referer: http://localhost/?subtopic=guilds&action=show&guild=5
[Sun Jan 30 02:51:22.485053 2022] [core:error] [pid 15920:tid 1940] (20024)The given path is misformatted or contained invalid characters: [client ::1:54583] AH00127: Cannot map GET /%3C?%20echo%20$layout_name;%20?%3E/images/favicon.ico HTTP/1.1 to file, referer: http://localhost/?subtopic=accountmanagement
[Sun Jan 30 02:51:26.375713 2022] [core:error] [pid 15920:tid 1940] (20024)The given path is misformatted or contained invalid characters: [client ::1:54583] AH00127: Cannot map GET /%3C?%20echo%20$layout_name;%20?%3E/images/favicon.ico HTTP/1.1 to file, referer: http://localhost/?subtopic=accountmanagement&action=logout
[Sun Jan 30 02:51:28.556384 2022] [core:error] [pid 15920:tid 1912] (20024)The given path is misformatted or contained invalid characters: [client ::1:54593] AH00127: Cannot map GET /%3C?%20echo%20$layout_name;%20?%3E/images/favicon.ico HTTP/1.1 to file, referer: http://localhost/?subtopic=accountmanagement
[Sun Jan 30 02:51:32.785785 2022] [core:error] [pid 15920:tid 1932] (20024)The given path is misformatted or contained invalid characters: [client ::1:54597] AH00127: Cannot map GET /%3C?%20echo%20$layout_name;%20?%3E/images/favicon.ico HTTP/1.1 to file, referer: http://localhost/?subtopic=accountmanagement
[Sun Jan 30 02:51:35.988233 2022] [core:error] [pid 15920:tid 1932] (20024)The given path is misformatted or contained invalid characters: [client ::1:54597] AH00127: Cannot map GET /%3C?%20echo%20$layout_name;%20?%3E/images/favicon.ico HTTP/1.1 to file, referer: http://localhost/?subtopic=buychar
[Sun Jan 30 02:51:52.245683 2022] [core:error] [pid 15920:tid 1912] (20024)The given path is misformatted or contained invalid characters: [client ::1:54604] AH00127: Cannot map GET /%3C?%20echo%20$layout_name;%20?%3E/images/favicon.ico HTTP/1.1 to file, referer: http://localhost/?subtopic=shopsystem
